{
  "RSpec": {
    "coverage": {
      "/Users/millstone/Turing/job_search/revelry/bloggin/app/helpers/application_helper.rb": [
        1,
        null
      ],
      "/Users/millstone/Turing/job_search/revelry/bloggin/app/helpers/articles_helper.rb": [
        1,
        null
      ],
      "/Users/millstone/Turing/job_search/revelry/bloggin/app/controllers/articles_controller.rb": [
        1,
        1,
        null,
        1,
        4,
        null,
        null,
        1,
        5,
        null,
        null,
        1,
        1,
        null,
        null,
        1,
        1,
        1,
        null,
        null,
        1,
        1,
        1,
        null,
        null,
        1,
        null,
        null,
        1,
        1,
        1,
        null,
        null,
        1,
        null,
        1,
        2,
        null,
        null,
        1,
        8,
        null,
        null
      ],
      "/Users/millstone/Turing/job_search/revelry/bloggin/app/controllers/application_controller.rb": [
        1,
        null,
        1,
        0,
        null,
        null
      ],
      "/Users/millstone/Turing/job_search/revelry/bloggin/spec/features/user_crud_spec.rb": [
        1,
        null,
        1,
        null,
        1,
        1,
        1,
        1,
        null,
        null,
        1,
        null,
        1,
        1,
        null,
        null,
        null,
        1,
        1,
        1,
        1,
        null,
        1,
        null,
        1,
        null,
        1,
        1,
        null,
        null,
        null,
        null,
        1,
        1,
        1,
        1,
        1,
        1,
        null,
        1,
        null,
        1,
        1,
        1,
        null,
        1,
        1,
        null,
        null,
        null,
        null,
        null,
        1,
        1,
        1,
        1,
        1,
        null,
        1,
        1,
        null,
        1,
        1,
        1,
        null,
        null,
        null,
        null,
        1,
        1,
        1,
        1,
        1,
        null,
        1,
        1,
        null,
        1,
        null,
        1,
        1,
        null,
        null,
        1,
        null,
        1,
        null,
        1,
        null,
        1,
        1,
        null,
        null,
        null,
        null
      ],
      "/Users/millstone/Turing/job_search/revelry/bloggin/spec/helpers/articles_helper_spec.rb": [
        1,
        null,
        null,
        null,
        null,
        null,
        null,
        null,
        null,
        null,
        null,
        null,
        null,
        null,
        null
      ],
      "/Users/millstone/Turing/job_search/revelry/bloggin/spec/models/article_spec.rb": [
        1,
        null,
        1,
        1,
        2,
        2,
        null,
        null
      ],
      "/Users/millstone/Turing/job_search/revelry/bloggin/app/models/article.rb": [
        1,
        1,
        null
      ],
      "/Users/millstone/Turing/job_search/revelry/bloggin/app/models/application_record.rb": [
        1,
        1,
        null
      ]
    },
    "timestamp": 1564023959
  }
}
